<?xml version="1.0" encoding="UTF-8"?>
<!-- Generated by org.testng.reporters.JUnitReportReporter -->
<testsuite hostname="Abhis-MBP.home" name="org.parboiled.buffers.DefaultInputBufferTest" tests="2" failures="0" timestamp="1 Oct 2015 16:43:45 GMT" time="0.138" errors="0">
  <testcase name="testOneliner" time="0.001" classname="org.parboiled.buffers.DefaultInputBufferTest"/>
  <testcase name="testMultiliner" time="0.137" classname="org.parboiled.buffers.DefaultInputBufferTest"/>
</testsuite>
