<?xml version="1.0" encoding="UTF-8"?>
<!-- Generated by org.testng.reporters.JUnitReportReporter -->
<testsuite hostname="Abhis-MBP.home" name="org.parboiled.scala.BugIn101Test" tests="1" failures="0" timestamp="1 Oct 2015 16:44:17 GMT" time="0.002" errors="0">
  <testcase name="testNTimes" time="0.002" classname="org.parboiled.scala.BugIn101Test"/>
</testsuite>
