<?xml version="1.0" encoding="UTF-8"?>
<!-- Generated by org.testng.reporters.JUnitReportReporter -->
<testsuite hostname="Abhis-MBP.home" name="org.parboiled.scala.SimpleTest" tests="2" failures="0" timestamp="1 Oct 2015 16:44:17 GMT" time="0.024" errors="0">
  <testcase name="testSimpleParse" time="0.005" classname="org.parboiled.scala.SimpleTest"/>
  <testcase name="testRuleTreeConstruction" time="0.019" classname="org.parboiled.scala.SimpleTest"/>
</testsuite>
