<?xml version="1.0" encoding="UTF-8"?>
<!-- Generated by org.testng.reporters.JUnitReportReporter -->
<testsuite hostname="Abhis-MBP.home" name="org.parboiled.examples.abc.AbcTest" tests="3" failures="0" timestamp="1 Oct 2015 16:43:58 GMT" time="0.121" errors="0">
  <testcase name="testFail1" time="0.004" classname="org.parboiled.examples.abc.AbcTest"/>
  <testcase name="testFail2" time="0.011" classname="org.parboiled.examples.abc.AbcTest"/>
  <testcase name="test" time="0.106" classname="org.parboiled.examples.abc.AbcTest"/>
</testsuite>
