<?xml version="1.0" encoding="UTF-8"?>
<!-- Generated by org.testng.reporters.JUnitReportReporter -->
<testsuite hostname="Abhis-MBP.home" name="org.parboiled.support.CharactersTest" tests="2" failures="0" timestamp="1 Oct 2015 16:43:45 GMT" time="0.004" errors="0">
  <testcase name="testSimpleCharactersOps" time="0.003" classname="org.parboiled.support.CharactersTest"/>
  <testcase name="testMultiCharactersOps" time="0.001" classname="org.parboiled.support.CharactersTest"/>
</testsuite>
