<?xml version="1.0" encoding="UTF-8"?>
<!-- Generated by org.testng.reporters.JUnitReportReporter -->
<testsuite hostname="Abhis-MBP.home" name="org.parboiled.scala.WithContextTest" tests="1" failures="0" timestamp="1 Oct 2015 16:44:17 GMT" time="0.036" errors="0">
  <testcase name="testWithContext" time="0.036" classname="org.parboiled.scala.WithContextTest"/>
</testsuite>
