<?xml version="1.0" encoding="UTF-8"?>
<!-- Generated by org.testng.reporters.JUnitReportReporter -->
<testsuite hostname="Abhis-MBP.home" name="org.parboiled.examples.java.ReportingParseRunnerTest" tests="2" failures="0" timestamp="1 Oct 2015 16:43:58 GMT" time="0.021" errors="0">
  <testcase name="testJavaError2" time="0.009" classname="org.parboiled.examples.java.ReportingParseRunnerTest"/>
  <testcase name="testJavaError1" time="0.012" classname="org.parboiled.examples.java.ReportingParseRunnerTest"/>
</testsuite>
