<?xml version="1.0" encoding="UTF-8"?>
<!-- Generated by org.testng.reporters.JUnitReportReporter -->
<testsuite hostname="Abhis-MBP.home" name="org.parboiled.examples.calculators.CalculatorRecoveryTest" tests="1" failures="0" timestamp="1 Oct 2015 16:43:58 GMT" time="0.038" errors="0">
  <testcase name="testCalculatorErrorRecovery" time="0.038" classname="org.parboiled.examples.calculators.CalculatorRecoveryTest"/>
</testsuite>
