<?xml version="1.0" encoding="UTF-8"?>
<!-- Generated by org.testng.reporters.JUnitReportReporter -->
<testsuite hostname="Abhis-MBP.home" name="org.parboiled.examples.calculators.SimpleCalculatorTest" tests="2" failures="0" timestamp="1 Oct 2015 16:44:20 GMT" time="0.185" errors="0">
  <testcase name="testSimpleCalculatorMatcherBuilding" time="0.009" classname="org.parboiled.examples.calculators.SimpleCalculatorTest"/>
  <testcase name="testCalculations" time="0.176" classname="org.parboiled.examples.calculators.SimpleCalculatorTest"/>
</testsuite>
