<?xml version="1.0" encoding="UTF-8"?>
<!-- Generated by org.testng.reporters.JUnitReportReporter -->
<testsuite hostname="Abhis-MBP.home" name="org.parboiled.examples.calculators.TracingTest" tests="2" failures="0" timestamp="1 Oct 2015 16:44:20 GMT" time="0.190" errors="0">
  <testcase name="testTraceParse" time="0.170" classname="org.parboiled.examples.calculators.TracingTest"/>
  <testcase name="testTraceParse2" time="0.020" classname="org.parboiled.examples.calculators.TracingTest"/>
</testsuite>
