<?xml version="1.0" encoding="UTF-8"?>
<!-- Generated by org.testng.reporters.JUnitReportReporter -->
<testsuite hostname="Abhis-MBP.home" name="org.parboiled.examples.calculators.CalculatorsTest" tests="5" failures="0" timestamp="1 Oct 2015 16:43:58 GMT" time="0.182" errors="0">
  <testcase name="testCalculator3" time="0.097" classname="org.parboiled.examples.calculators.CalculatorsTest"/>
  <testcase name="testCalculator1" time="0.005" classname="org.parboiled.examples.calculators.CalculatorsTest"/>
  <testcase name="testCalculator2" time="0.053" classname="org.parboiled.examples.calculators.CalculatorsTest"/>
  <testcase name="testCalculator4" time="0.020" classname="org.parboiled.examples.calculators.CalculatorsTest"/>
  <testcase name="testCalculator0" time="0.007" classname="org.parboiled.examples.calculators.CalculatorsTest"/>
</testsuite>
