<?xml version="1.0" encoding="UTF-8"?>
<!-- Generated by org.testng.reporters.JUnitReportReporter -->
<testsuite hostname="Abhis-MBP.home" name="org.parboiled.LabelTest" tests="2" failures="0" timestamp="1 Oct 2015 16:43:57 GMT" time="0.008" errors="0">
  <testcase name="testRecursiveLabelling" time="0.001" classname="org.parboiled.LabelTest"/>
  <testcase name="testLabellingParser" time="0.007" classname="org.parboiled.LabelTest"/>
</testsuite>
