<?xml version="1.0" encoding="UTF-8"?>
<!-- Generated by org.testng.reporters.JUnitReportReporter -->
<testsuite hostname="Abhis-MBP.home" name="org.parboiled.parserunners.RecoveryErrorActionsTest" tests="6" failures="0" timestamp="1 Oct 2015 16:43:57 GMT" time="0.039" errors="0">
  <testcase name="testRecoveryErrorActions5" time="0.002" classname="org.parboiled.parserunners.RecoveryErrorActionsTest"/>
  <testcase name="testRecoveryErrorActions1" time="0.032" classname="org.parboiled.parserunners.RecoveryErrorActionsTest"/>
  <testcase name="testRecoveryErrorActions3" time="0.001" classname="org.parboiled.parserunners.RecoveryErrorActionsTest"/>
  <testcase name="testRecoveryOnEmptyBuffer" time="0.002" classname="org.parboiled.parserunners.RecoveryErrorActionsTest"/>
  <testcase name="testRecoveryErrorActions4" time="0.001" classname="org.parboiled.parserunners.RecoveryErrorActionsTest"/>
  <testcase name="testRecoveryErrorActions2" time="0.001" classname="org.parboiled.parserunners.RecoveryErrorActionsTest"/>
</testsuite>
