<?xml version="1.0" encoding="UTF-8"?>
<!-- Generated by org.testng.reporters.JUnitReportReporter -->
<testsuite hostname="Abhis-MBP.home" name="org.parboiled.MemoMismatchesTest" tests="2" failures="0" timestamp="1 Oct 2015 16:43:57 GMT" time="0.021" errors="0">
  <testcase name="test1" time="0.010" classname="org.parboiled.MemoMismatchesTest"/>
  <testcase name="test2" time="0.011" classname="org.parboiled.MemoMismatchesTest"/>
</testsuite>
