<?xml version="1.0" encoding="UTF-8"?>
<!-- Generated by org.testng.reporters.JUnitReportReporter -->
<testsuite hostname="Abhis-MBP.home" name="org.parboiled.buffers.IndentDedentInputBufferTest" tests="9" failures="0" timestamp="1 Oct 2015 16:43:45 GMT" time="0.033" errors="0">
  <testcase name="testIndentDedentInputBuffer2" time="0.021" classname="org.parboiled.buffers.IndentDedentInputBufferTest"/>
  <testcase name="testIndentDedentInputBuffer3" time="0.002" classname="org.parboiled.buffers.IndentDedentInputBufferTest"/>
  <testcase name="testEmptyIndentDedentInputBuffer" time="0.000" classname="org.parboiled.buffers.IndentDedentInputBufferTest"/>
  <testcase name="testIndentDedentInputBufferIllegalIndent2" time="0.000" classname="org.parboiled.buffers.IndentDedentInputBufferTest"/>
  <testcase name="testIndentDedentInputBuffer4" time="0.001" classname="org.parboiled.buffers.IndentDedentInputBufferTest"/>
  <testcase name="testIndentDedentInputBuffer0" time="0.006" classname="org.parboiled.buffers.IndentDedentInputBufferTest"/>
  <testcase name="testIndentDedentInputBufferEmptyLines" time="0.001" classname="org.parboiled.buffers.IndentDedentInputBufferTest"/>
  <testcase name="testIndentDedentInputBufferIllegalIndent1" time="0.001" classname="org.parboiled.buffers.IndentDedentInputBufferTest"/>
  <testcase name="testIndentDedentInputBuffer1" time="0.001" classname="org.parboiled.buffers.IndentDedentInputBufferTest"/>
</testsuite>
