<?xml version="1.0" encoding="UTF-8"?>
<!-- Generated by org.testng.reporters.JUnitReportReporter -->
<testsuite hostname="Abhis-MBP.home" name="org.parboiled.examples.java.JavaRecoveryTest" tests="1" failures="0" timestamp="1 Oct 2015 16:43:58 GMT" time="0.439" errors="0">
  <testcase name="testJavaErrorRecovery" time="0.439" classname="org.parboiled.examples.java.JavaRecoveryTest"/>
</testsuite>
