<?xml version="1.0" encoding="UTF-8"?>
<!-- Generated by org.testng.reporters.JUnitReportReporter -->
<testsuite hostname="Abhis-MBP.home" name="org.parboiled.examples.calculators.ReportingParseRunnerTest" tests="1" failures="0" timestamp="1 Oct 2015 16:43:58 GMT" time="0.005" errors="0">
  <testcase name="testSimpleReporting" time="0.005" classname="org.parboiled.examples.calculators.ReportingParseRunnerTest"/>
</testsuite>
