<?xml version="1.0" encoding="UTF-8"?>
<!-- Generated by org.testng.reporters.JUnitReportReporter -->
<testsuite hostname="Abhis-MBP.home" name="org.parboiled.NTimesTest" tests="1" failures="0" timestamp="1 Oct 2015 16:43:57 GMT" time="0.044" errors="0">
  <testcase name="test" time="0.044" classname="org.parboiled.NTimesTest"/>
</testsuite>
