<?xml version="1.0" encoding="UTF-8"?>
<!-- Generated by org.testng.reporters.JUnitReportReporter -->
<testsuite hostname="Abhis-MBP.home" name="org.parboiled.common.UtilsTest" tests="2" failures="0" timestamp="1 Oct 2015 16:43:45 GMT" time="0.005" errors="0">
  <testcase name="testGetTypeArguments" time="0.004" classname="org.parboiled.common.UtilsTest"/>
  <testcase name="testHumanize" time="0.001" classname="org.parboiled.common.UtilsTest"/>
</testsuite>
