<?xml version="1.0" encoding="UTF-8"?>
<!-- Generated by org.testng.reporters.JUnitReportReporter -->
<testsuite hostname="Abhis-MBP.home" name="org.parboiled.parserunners.ReportingParseRunnerTest" tests="3" failures="0" timestamp="1 Oct 2015 16:43:57 GMT" time="0.008" errors="0">
  <testcase name="testDoesntExpectTestNotMatcher" time="0.006" classname="org.parboiled.parserunners.ReportingParseRunnerTest"/>
  <testcase name="testErrorLocation" time="0.001" classname="org.parboiled.parserunners.ReportingParseRunnerTest"/>
  <testcase name="testErrorAtEOI" time="0.001" classname="org.parboiled.parserunners.ReportingParseRunnerTest"/>
</testsuite>
