<?xml version="1.0" encoding="UTF-8"?>
<!-- Generated by org.testng.reporters.JUnitReportReporter -->
<testsuite hostname="Abhis-MBP.home" name="NoPackageParser" tests="1" failures="0" timestamp="1 Oct 2015 16:43:57 GMT" time="0.009" errors="0">
  <testcase name="testNoPackageParser" time="0.009" classname="NoPackageParser"/>
</testsuite>
