<?xml version="1.0" encoding="UTF-8"?>
<!-- Generated by org.testng.reporters.JUnitReportReporter -->
<testsuite hostname="Abhis-MBP.home" name="org.parboiled.transform.ParserHierarchyTest" tests="2" failures="0" timestamp="1 Oct 2015 16:43:57 GMT" time="0.074" errors="0">
  <testcase name="verifyTestParserHierarchyExtension" time="0.070" classname="org.parboiled.transform.ParserHierarchyTest"/>
  <testcase name="testBugIn101" time="0.004" classname="org.parboiled.transform.ParserHierarchyTest"/>
</testsuite>
