<?xml version="1.0" encoding="UTF-8"?>
<!-- Generated by org.testng.reporters.JUnitReportReporter -->
<testsuite hostname="Abhis-MBP.home" name="org.parboiled.NodeSkippingTest" tests="1" failures="0" timestamp="1 Oct 2015 16:43:57 GMT" time="0.016" errors="0">
  <testcase name="testNodeSuppression" time="0.016" classname="org.parboiled.NodeSkippingTest"/>
</testsuite>
