<?xml version="1.0" encoding="UTF-8"?>
<!-- Generated by org.testng.reporters.JUnitReportReporter -->
<testsuite hostname="Abhis-MBP.home" name="org.parboiled.transform.ErrorDetectionTest" tests="2" failures="0" timestamp="1 Oct 2015 16:43:57 GMT" time="0.006" errors="0">
  <testcase name="testRuleWithActionAccessingPrivateMethod" time="0.004" classname="org.parboiled.transform.ErrorDetectionTest"/>
  <testcase name="testRuleWithActionAccessingPrivateField" time="0.002" classname="org.parboiled.transform.ErrorDetectionTest"/>
</testsuite>
